<?xml version="1.0" encoding="UTF-8"?>
<!-- Generated by org.testng.reporters.JUnitXMLReporter -->
<testsuite ignored="0" hostname="DESKTOP-PMIFEDC" failures="0" tests="3" name="Default test" time="48.906" errors="0" timestamp="2022-07-01T17:38:50 IST">
  <testcase classname="Execution.Valid" name="validexe" time="5.503"/>
  <testcase classname="Execution.Valid" name="elementexe" time="2.704"/>
  <testcase classname="Execution.Valid" name="textBxexe" time="3.526"/>
</testsuite> <!-- Default test -->
