<?xml version="1.0" encoding="UTF-8"?>
<testng-results ignored="0" total="3" passed="3" failed="0" skipped="0">
  <reporter-output>
    <line>
      <![CDATA[actual page ishttps://demoqa.com/ matched with expected page https://demoqa.com/]]>
    </line>
    <line>
      <![CDATA[actual page titleToolsQA matched with expected page titleToolsQA]]>
    </line>
    <line>
      <![CDATA[done]]>
    </line>
    <line>
      <![CDATA[actual page ishttps://demoqa.com/elements matched with expected page https://demoqa.com/elements]]>
    </line>
    <line>
      <![CDATA[actual page titleElements matched with expected page titleElements]]>
    </line>
    <line>
      <![CDATA[actual page ishttps://demoqa.com/text-box matched with expected page https://demoqa.com/text-box]]>
    </line>
  </reporter-output>
  <suite started-at="2022-07-01T17:38:01 IST" name="Default suite" finished-at="2022-07-01T17:38:50 IST" duration-ms="48906">
    <groups>
    </groups>
    <test started-at="2022-07-01T17:38:01 IST" name="Default test" finished-at="2022-07-01T17:38:50 IST" duration-ms="48906">
      <class name="Execution.Valid">
        <test-method is-config="true" signature="openBrowser()[pri:0, instance:Execution.Valid@5c90e579]" started-at="2022-07-01T17:38:01 IST" name="openBrowser" finished-at="2022-07-01T17:38:38 IST" duration-ms="37115" status="PASS">
          <reporter-output>
          </reporter-output>
        </test-method> <!-- openBrowser -->
        <test-method signature="validexe()[pri:1, instance:Execution.Valid@5c90e579]" started-at="2022-07-01T17:38:38 IST" name="validexe" finished-at="2022-07-01T17:38:44 IST" duration-ms="5503" status="PASS">
          <reporter-output>
            <line>
              <![CDATA[actual page ishttps://demoqa.com/ matched with expected page https://demoqa.com/]]>
            </line>
            <line>
              <![CDATA[actual page titleToolsQA matched with expected page titleToolsQA]]>
            </line>
            <line>
              <![CDATA[done]]>
            </line>
          </reporter-output>
        </test-method> <!-- validexe -->
        <test-method signature="elementexe()[pri:2, instance:Execution.Valid@5c90e579]" started-at="2022-07-01T17:38:44 IST" name="elementexe" finished-at="2022-07-01T17:38:47 IST" duration-ms="2704" status="PASS">
          <reporter-output>
            <line>
              <![CDATA[actual page ishttps://demoqa.com/elements matched with expected page https://demoqa.com/elements]]>
            </line>
            <line>
              <![CDATA[actual page titleElements matched with expected page titleElements]]>
            </line>
          </reporter-output>
        </test-method> <!-- elementexe -->
        <test-method signature="textBxexe()[pri:3, instance:Execution.Valid@5c90e579]" started-at="2022-07-01T17:38:47 IST" name="textBxexe" finished-at="2022-07-01T17:38:50 IST" duration-ms="3526" status="PASS">
          <reporter-output>
            <line>
              <![CDATA[actual page ishttps://demoqa.com/text-box matched with expected page https://demoqa.com/text-box]]>
            </line>
          </reporter-output>
        </test-method> <!-- textBxexe -->
      </class> <!-- Execution.Valid -->
    </test> <!-- Default test -->
  </suite> <!-- Default suite -->
</testng-results>
